<?xml version="1.0" encoding="UTF-8"?>
<!-- Generated by org.testng.reporters.JUnitReportReporter -->
<testsuite hostname="DESKTOP-4JHF13N" failures="0" tests="4" name="testCases.TC003_LoginDDT" time="24.617" errors="0" timestamp="2025-01-03T15:52:40 IST" skipped="0">
  <testcase classname="testCases.TC003_LoginDDT" name="verify_loginDDT" time="11.015"/>
  <testcase classname="testCases.TC003_LoginDDT" name="verify_loginDDT" time="10.859"/>
  <testcase classname="testCases.TC003_LoginDDT" name="verify_loginDDT" time="1.373"/>
  <testcase classname="testCases.TC003_LoginDDT" name="verify_loginDDT" time="1.370"/>
</testsuite> <!-- testCases.TC003_LoginDDT -->
