<?xml version="1.0" encoding="UTF-8"?>
<!-- Generated by org.testng.reporters.JUnitReportReporter -->
<testsuite hostname="DESKTOP-4JHF13N" failures="0" tests="1" name="testCases.TC002_LoginTest" time="1.369" errors="0" timestamp="2025-01-07T12:39:55 IST" skipped="0">
  <testcase classname="testCases.TC002_LoginTest" name="verifyLogin" time="1.369"/>
</testsuite> <!-- testCases.TC002_LoginTest -->
