<?xml version="1.0" encoding="UTF-8"?>
<!-- Generated by org.testng.reporters.JUnitReportReporter -->
<testsuite hostname="DESKTOP-4JHF13N" failures="0" tests="1" name="testCases.TC001_AccountRegistrationTest" time="16.856" errors="0" timestamp="2025-01-07T15:23:25 IST" skipped="0">
  <testcase classname="testCases.TC001_AccountRegistrationTest" name="verify_Account_Registration" time="16.856"/>
</testsuite> <!-- testCases.TC001_AccountRegistrationTest -->
